[2024-09-18 04:06:57+00:00] ERROR: Missing requested endpoint {"code":400,"exception":null} 
[2024-09-18 04:07:18+00:00] INFO: Installer API request received {"method":"GET","endpoint":"checkApi"} 
[2024-09-18 04:07:18+00:00] NOTICE: Trying Winter CMS API  
[2024-09-18 04:07:18+00:00] INFO: Winter API request {"method":"GET","uri":"ping"} 
[2024-09-18 04:07:18+00:00] INFO: Installer API request received {"method":"GET","endpoint":"checkPhpVersion"} 
[2024-09-18 04:07:18+00:00] NOTICE: Compared PHP version {"installed":"8.1.2-1ubuntu2.18","needed":"8.0.2"} 
[2024-09-18 04:07:18+00:00] NOTICE: PHP version requirement met.  
[2024-09-18 04:07:18+00:00] INFO: Installer API request received {"method":"GET","endpoint":"checkPhpExtensions"} 
[2024-09-18 04:07:18+00:00] NOTICE: Checking PHP "curl" extension  
[2024-09-18 04:07:18+00:00] NOTICE: Checking PHP "json" extension  
[2024-09-18 04:07:18+00:00] NOTICE: Checking PHP "pdo" extension  
[2024-09-18 04:07:18+00:00] NOTICE: Checking PHP "zip" extension  
[2024-09-18 04:07:18+00:00] NOTICE: Checking PHP "mbstring" extension  
[2024-09-18 04:07:18+00:00] NOTICE: Checking PHP "fileinfo" extension  
[2024-09-18 04:07:18+00:00] NOTICE: Checking PHP "openssl" extension  
[2024-09-18 04:07:18+00:00] NOTICE: Checking PHP "gd" extension  
[2024-09-18 04:07:18+00:00] NOTICE: Checking PHP "filter" extension  
[2024-09-18 04:07:18+00:00] NOTICE: Checking PHP "hash" extension  
[2024-09-18 04:07:18+00:00] NOTICE: Checking PHP "dom" extension  
[2024-09-18 04:07:18+00:00] NOTICE: Required PHP extensions are installed.  
[2024-09-18 04:07:18+00:00] NOTICE: Response received from Winter CMS API {"response":"pong"} 
[2024-09-18 04:07:18+00:00] NOTICE: Winter CMS API connection successful.  
[2024-09-18 04:10:04+00:00] INFO: Installer API request received {"method":"POST","endpoint":"checkDatabase"} 
[2024-09-18 04:10:04+00:00] NOTICE: Check database connection  
[2024-09-18 04:10:04+00:00] INFO: Installer API request received {"method":"GET","endpoint":"checkWriteAccess"} 
[2024-09-18 04:10:04+00:00] NOTICE: Current working directory is writable.  
[2024-09-18 04:10:04+00:00] ERROR: Database could not be connected to. {"code":500,"exception":"SQLSTATE[HY000] [2002] No such file or directory"} 
[2024-09-18 04:10:41+00:00] INFO: Installer API request received {"method":"GET","endpoint":"checkWriteAccess"} 
[2024-09-18 04:10:41+00:00] INFO: Installer API request received {"method":"POST","endpoint":"checkDatabase"} 
[2024-09-18 04:10:41+00:00] NOTICE: Current working directory is writable.  
[2024-09-18 04:10:41+00:00] NOTICE: Check database connection  
[2024-09-18 04:10:41+00:00] ERROR: Database could not be connected to. {"code":500,"exception":"SQLSTATE[HY000] [2002] No such file or directory"} 
[2024-09-18 04:10:41+00:00] INFO: Installer API request received {"method":"POST","endpoint":"checkDatabase"} 
[2024-09-18 04:10:41+00:00] INFO: Installer API request received {"method":"GET","endpoint":"checkWriteAccess"} 
[2024-09-18 04:10:41+00:00] NOTICE: Check database connection  
[2024-09-18 04:10:41+00:00] NOTICE: Current working directory is writable.  
[2024-09-18 04:10:41+00:00] ERROR: Database could not be connected to. {"code":500,"exception":"SQLSTATE[HY000] [2002] No such file or directory"} 
[2024-09-18 04:10:52+00:00] INFO: Installer API request received {"method":"GET","endpoint":"checkWriteAccess"} 
[2024-09-18 04:10:52+00:00] INFO: Installer API request received {"method":"POST","endpoint":"checkDatabase"} 
[2024-09-18 04:10:52+00:00] NOTICE: Check database connection  
[2024-09-18 04:10:52+00:00] NOTICE: Current working directory is writable.  
[2024-09-18 04:10:52+00:00] NOTICE: Found 0 table(s) {"tables":""} 
[2024-09-18 04:10:52+00:00] NOTICE: Database connection established and verified empty  
[2024-09-18 04:10:54+00:00] INFO: Installer API request received {"method":"POST","endpoint":"downloadWinter"} 
[2024-09-18 04:10:54+00:00] NOTICE: Try downloading Winter CMS archive  
[2024-09-18 04:10:54+00:00] NOTICE: Downloading Winter ZIP via cURL {"url":"https://github.com/wintercms/winter/archive/refs/heads/1.2.zip"} 
[2024-09-18 04:10:56+00:00] NOTICE: Winter CMS ZIP file downloaded {"path":"/var/www/html/.wintercms/winter.zip"} 
[2024-09-18 04:10:56+00:00] INFO: Installer API request received {"method":"POST","endpoint":"extractWinter"} 
[2024-09-18 04:10:56+00:00] NOTICE: Begin extracting Winter CMS archive  
[2024-09-18 04:10:56+00:00] NOTICE: Move subfoldered files into position {"subfolder":"winter-1.2/"} 
[2024-09-18 04:10:56+00:00] NOTICE: Remove ZIP subfolder {"subfolder":"winter-1.2/"} 
[2024-09-18 04:10:56+00:00] NOTICE: Make artisan command-line tool executable {"path":"/var/www/html/.wintercms/artisan"} 
[2024-09-18 04:10:56+00:00] NOTICE: Remove Composer Merge plugin from composer.json if found  
[2024-09-18 04:10:56+00:00] NOTICE: Found merge plugin in required packages - removing  
[2024-09-18 04:10:56+00:00] NOTICE: Found merge plugin config in "extra" config definition - removing  
[2024-09-18 04:10:56+00:00] INFO: Installer API request received {"method":"POST","endpoint":"lockDependencies"} 
[2024-09-18 04:10:56+00:00] NOTICE: Create Composer instance  
[2024-09-18 04:10:56+00:00] NOTICE: Set memory limit to 1.5GB  
[2024-09-18 04:10:56+00:00] NOTICE: Set work directory for Composer {"path":"/var/www/html/.wintercms"} 
[2024-09-18 04:10:56+00:00] NOTICE: Create home/cache directory for Composer {"path":"/var/www/html/.wintercms/.composer"} 
[2024-09-18 04:10:56+00:00] NOTICE: Set home/cache directory for Composer {"path":"/var/www/html/.wintercms/.composer"} 
[2024-09-18 04:10:56+00:00] NOTICE: Run Composer "update" command - generate only a lockfile  
[2024-09-18 04:10:59+00:00] NOTICE: Locked Composer packages {"numPackages":117,"lockFile":"/var/www/html/.wintercms/composer.lock"} 
[2024-09-18 04:10:59+00:00] INFO: Installer API request received {"method":"POST","endpoint":"installDependencies"} 
[2024-09-18 04:10:59+00:00] NOTICE: Create Composer instance  
[2024-09-18 04:10:59+00:00] NOTICE: Set memory limit to 1.5GB  
[2024-09-18 04:10:59+00:00] NOTICE: Set work directory for Composer {"path":"/var/www/html/.wintercms"} 
[2024-09-18 04:10:59+00:00] NOTICE: Set home/cache directory for Composer {"path":"/var/www/html/.wintercms/.composer"} 
[2024-09-18 04:10:59+00:00] NOTICE: Run Composer "install" command - install from lockfile  
[2024-09-18 04:11:05+00:00] NOTICE: Installed Composer packages {"numPackages":117} 
[2024-09-18 04:11:05+00:00] INFO: Installer API request received {"method":"POST","endpoint":"setupConfig"} 
[2024-09-18 04:11:05+00:00] NOTICE: Booting Laravel framework  
[2024-09-18 04:11:05+00:00] NOTICE: Loading autoloader  
[2024-09-18 04:11:06+00:00] NOTICE: Bootstrapping kernel  
[2024-09-18 04:11:06+00:00] NOTICE: Rewriting config {"path":"/var/www/html/.wintercms/config/app.php"} 
[2024-09-18 04:11:06+00:00] NOTICE: Rewriting config {"path":"/var/www/html/.wintercms/config/cms.php"} 
[2024-09-18 04:11:06+00:00] NOTICE: Rewriting config {"path":"/var/www/html/.wintercms/config/database.php"} 
[2024-09-18 04:11:06+00:00] NOTICE: Flushing OPCache  
[2024-09-18 04:11:06+00:00] INFO: Installer API request received {"method":"POST","endpoint":"runMigrations"} 
[2024-09-18 04:11:06+00:00] NOTICE: Booting Laravel framework  
[2024-09-18 04:11:06+00:00] NOTICE: Loading autoloader  
[2024-09-18 04:11:06+00:00] NOTICE: Bootstrapping kernel  
[2024-09-18 04:11:06+00:00] NOTICE: Running artisan "config:clear" command  
[2024-09-18 04:11:06+00:00] NOTICE: Command finished. {"output":"\n   INFO  Configuration cache cleared successfully.  \n\n"} 
[2024-09-18 04:11:06+00:00] NOTICE: Running database migrations  
[2024-09-18 04:11:19+00:00] NOTICE: Command finished. {"output":"Migrating application and plugins...\n\n   INFO  Migration table created.  \n\n\nMigrating System module...\n\n   INFO  Running migrations.  \n\n  2013_10_01_000001_Db_Deferred_Bindings .......................... 373ms DONE\n  2013_10_01_000002_Db_System_Files ............................... 355ms DONE\n  2013_10_01_000003_Db_System_Plugin_Versions ..................... 195ms DONE\n  2013_10_01_000004_Db_System_Plugin_History ...................... 284ms DONE\n  2013_10_01_000005_Db_System_Settings ............................ 140ms DONE\n  2013_10_01_000006_Db_System_Parameters .......................... 291ms DONE\n  2013_10_01_000007_Db_System_Add_Disabled_Flag .................... 55ms DONE\n  2013_10_01_000008_Db_System_Mail_Templates ...................... 193ms DONE\n  2013_10_01_000009_Db_System_Mail_Layouts ........................ 132ms DONE\n  2014_10_01_000010_Db_Jobs ........................................ 83ms DONE\n  2014_10_01_000011_Db_System_Event_Logs .......................... 180ms DONE\n  2014_10_01_000012_Db_System_Request_Logs ......................... 88ms DONE\n  2014_10_01_000013_Db_System_Sessions ............................ 282ms DONE\n  2015_10_01_000014_Db_System_Mail_Layout_Rename .................... 2ms DONE\n  2015_10_01_000015_Db_System_Add_Frozen_Flag ...................... 53ms DONE\n  2015_10_01_000016_Db_Cache ...................................... 338ms DONE\n  2015_10_01_000017_Db_System_Revisions ........................... 294ms DONE\n  2015_10_01_000018_Db_FailedJobs ................................. 128ms DONE\n  2016_10_01_000019_Db_System_Plugin_History_Detail_Text .......... 359ms DONE\n  2016_10_01_000020_Db_System_Timestamp_Fix ....................... 641ms DONE\n  2017_08_04_121309_Db_Deferred_Bindings_Add_Index_Session ......... 94ms DONE\n  2017_10_01_000021_Db_System_Sessions_Update ...................... 65ms DONE\n  2017_10_01_000022_Db_Jobs_FailedJobs_Update ..................... 172ms DONE\n  2017_10_01_000023_Db_System_Mail_Partials ....................... 107ms DONE\n  2017_10_23_000024_Db_System_Mail_Layouts_Add_Options_Field ....... 46ms DONE\n  2021_10_01_000025_Db_Add_Pivot_Data_To_Deferred_Bindings ......... 64ms DONE\n  2022_08_06_000026_Db_System_Add_App_Birthday_Date ................ 23ms DONE\n  2022_10_14_000027_Db_Jobs_FailedJobs_Update ..................... 764ms DONE\n  2023_09_24_000028_Db_System_Sessions_Indexes .................... 154ms DONE\n  2023_10_20_000029_Db_Jobs_Batches ............................. 1,485ms DONE\n\n\nMigrating Backend module...\n\n   INFO  Running migrations.  \n\n  2013_10_01_000001_Db_Backend_Users .............................. 481ms DONE\n  2013_10_01_000002_Db_Backend_User_Groups ........................ 149ms DONE\n  2013_10_01_000003_Db_Backend_Users_Groups ....................... 297ms DONE\n  2013_10_01_000004_Db_Backend_User_Throttle ...................... 243ms DONE\n  2014_01_04_000005_Db_Backend_User_Preferences ................... 215ms DONE\n  2014_10_01_000006_Db_Backend_Access_Log ......................... 122ms DONE\n  2014_10_01_000007_Db_Backend_Add_Description_Field .............. 128ms DONE\n  2015_10_01_000008_Db_Backend_Add_Superuser_Flag .................. 60ms DONE\n  2016_10_01_000009_Db_Backend_Timestamp_Fix ...................... 237ms DONE\n  2017_10_01_000010_Db_Backend_User_Roles ......................... 246ms DONE\n  2018_12_16_000011_Db_Backend_Add_Deleted_At ....................... 1ms DONE\n  2023_02_16_000012_Db_Backend_Add_User_Metadata ................... 68ms DONE\n  2023_09_09_000013_Db_Backend_Add_Users_Groups_Delete_At .......... 69ms DONE\n\n\nMigrating Cms module...\n\n   INFO  Running migrations.  \n\n  2014_10_01_000001_Db_Cms_Theme_Data ............................. 132ms DONE\n  2016_10_01_000002_Db_Cms_Timestamp_Fix ........................... 62ms DONE\n  2017_10_01_000003_Db_Cms_Theme_Logs ............................. 287ms DONE\n  2018_11_01_000001_Db_Cms_Theme_Templates ........................ 232ms DONE\n\n\nSeeding System module...\n\n   INFO  Seeded System.  \n\n\nSeeding Backend module...\n\n   INFO  Seeded Backend.  \n\nMigrating Winter Demo (Winter.Demo) plugin...\n\n   INFO  Running migrations.  \n\n  1.0.1:    First version of Demo .................................. 29ms DONE\n\n\n   INFO  Migration complete.  \n\n   INFO  \\Backend\\Database\\Seeds\\DatabaseSeeder reported the following:  \n\n    - The following password has been automatically generated for the \"admin\" account: LEJkoRR3R2BS8S4hLuIrqm\n\n"} 
[2024-09-18 04:11:19+00:00] INFO: Installer API request received {"method":"POST","endpoint":"createAdmin"} 
[2024-09-18 04:11:19+00:00] NOTICE: Booting Laravel framework  
[2024-09-18 04:11:19+00:00] NOTICE: Loading autoloader  
[2024-09-18 04:11:19+00:00] NOTICE: Bootstrapping kernel  
[2024-09-18 04:11:19+00:00] NOTICE: Finding initial admin account  
[2024-09-18 04:11:19+00:00] NOTICE: Changing admin account to details provided in installation  
[2024-09-18 04:11:19+00:00] INFO: Installer API request received {"method":"POST","endpoint":"cleanUp"} 
[2024-09-18 04:11:19+00:00] NOTICE: Removing installation files  
[2024-09-18 04:11:19+00:00] NOTICE: Removing temporary installation folders  
[2024-09-18 04:11:19+00:00] NOTICE: Removing core development files  
[2024-09-18 04:11:19+00:00] NOTICE: Moving files from temporary work directory to final installation path {"workDir":"/var/www/html/.wintercms","installDir":"/var/www/html"} 
[2024-09-18 04:11:19+00:00] NOTICE: Removing work directory  
[2024-09-18 04:11:19+00:00] NOTICE: Installation complete!  
